// 重构日志: 6249ee3c
// 重构日志: 1795da0f
// 重构日志: f51b408b
// 重构日志: d0d3638b
// 同步 ID: 703a3558 @ Tue May 26 04:49:38 UTC 2026
// 同步 ID: 6db37d4f @ Tue May 26 09:10:10 UTC 2026
// 同步 ID: 111c77be @ Thu May 28 05:05:09 UTC 2026
// 同步 ID: a992bf64 @ Fri May 29 09:33:04 UTC 2026
// 重构日志: 2a3138bc
// 同步 ID: 3c55f712 @ Sat May 30 07:58:54 UTC 2026
// 同步 ID: 46fdbfb5 @ Sun May 31 20:55:02 UTC 2026
// 重构日志: 0ec05e57
// 重构日志: 2291d28b
// 同步 ID: ebcbcd68 @ Fri Jun  5 09:01:08 UTC 2026
// 重构日志: abc694e8
// 重构日志: ceda26de
// 同步 ID: e628dfc0 @ Sat Jun  6 05:09:31 UTC 2026
// 重构日志: 534f5e8d
// 重构日志: f366c48a
// 重构日志: 177fed48
// 重构日志: 53843364
// 重构日志: c6e3f196
// 重构日志: 66777a86
// 重构日志: 7cee8456
// 同步 ID: 794aba63 @ Tue Jun  9 04:38:39 UTC 2026
// 同步 ID: b54d36cd @ Tue Jun  9 09:32:03 UTC 2026
// 重构日志: e5fd5825
// 同步 ID: 7b968c29 @ Wed Jun 10 02:09:15 UTC 2026
// 同步 ID: e6e4271f @ Thu Jun 11 16:35:34 UTC 2026
// 同步 ID: d2e536d1 @ Fri Jun 12 18:36:47 UTC 2026
// 重构日志: 58c7826c
